<?xml version="1.0" encoding="UTF-8"?>
<testExecutions version="1">
  <file path="/home/gustavomilan/teste-leve-saude/src/scheduling/controller/schdeuling.controller.spec.ts">
    <testCase name="SchedulingController postScheduling should handle default exception" duration="17"/>
    <testCase name="SchedulingController postScheduling should return validantion errors" duration="4"/>
    <testCase name="SchedulingController postScheduling should return service data" duration="3"/>
    <testCase name="SchedulingController postScheduling should return CustomError" duration="5"/>
  </file>
  <file path="/home/gustavomilan/teste-leve-saude/src/scheduling/service/scheduling.service.spec.ts">
    <testCase name="SchedulingService postScheduling should return a CustomError when medico_id is not provided" duration="14"/>
    <testCase name="SchedulingService postScheduling should return a successful scheduling response " duration="3"/>
    <testCase name="SchedulingService postScheduling should return a CustomError when dont find a medic" duration="16"/>
    <testCase name="SchedulingService postScheduling should return a CustomError when the scheduling dont exist" duration="5"/>
  </file>
  <file path="/home/gustavomilan/teste-leve-saude/src/schedule/controller/schedule.controller.spec.ts">
    <testCase name="ScheduleController getSchedule should return service data without DTO validation" duration="6"/>
    <testCase name="ScheduleController getSchedule should return validation errors" duration="4"/>
    <testCase name="ScheduleController getSchedule should handle CustomError exception" duration="3"/>
    <testCase name="ScheduleController getSchedule should handle default exception" duration="4"/>
  </file>
  <file path="/home/gustavomilan/teste-leve-saude/src/container.spec.ts">
    <testCase name="Container getSchedule should call ScheduleController.getSchedule with the provided params" duration="5"/>
    <testCase name="Container getSchedule should call ScheduleController.getSchedule with empty params" duration="7"/>
    <testCase name="Container postScheduling should call SchedulingController.postScheduling with the provided params" duration="5"/>
  </file>
  <file path="/home/gustavomilan/teste-leve-saude/src/schedule/service/schedule.service.spec.ts">
    <testCase name="ScheduleService getSchedule should return all medics when no ID is provided" duration="4"/>
    <testCase name="ScheduleService getSchedule  should return CustomError because dont find any medic " duration="10"/>
    <testCase name="ScheduleService getSchedule should return a specific medic when ID is provided and found" duration="3"/>
  </file>
  <file path="/home/gustavomilan/teste-leve-saude/src/utils/response.spec.ts">
    <testCase name="createControllerResponse should return statusCode and body" duration="5"/>
    <testCase name="createLambdaResponse should return statusCode and stringfied body" duration="1"/>
  </file>
</testExecutions>